<?xml version="1.0" encoding="UTF-8"?>
<!-- Generated by org.testng.reporters.JUnitReportReporter -->
<testsuite hostname="BDC6-LX-65234N8" failures="0" tests="1" name="test.FacebookDemo" time="6.885" errors="0" timestamp="2021-06-10T18:38:41 IST" skipped="0">
  <testcase classname="test.FacebookDemo" name="FacebookDemo" time="6.885"/>
  <system-out/>
</testsuite> <!-- test.FacebookDemo -->
