<?xml version="1.0" encoding="UTF-8"?>
<!-- Generated by org.testng.reporters.JUnitReportReporter -->
<testsuite hostname="BDC6-LX-65234N8" failures="0" tests="1" name="test.AmazonDemo" time="107.177" errors="0" timestamp="2021-06-15T17:25:04 IST" skipped="0">
  <testcase classname="test.AmazonDemo" name="AmazonLoginTest" time="107.177"/>
  <system-out/>
</testsuite> <!-- test.AmazonDemo -->
